[
  [3,
    [ "=(number,1)",  "=(seconds,0)" ],
    [
      ["function", "f0", 0,
        0
      ],
      ["function", "f1", 1,
        [0,2,1]
      ],
      ["function", "f2", 2,
        [
          [0,1,2],
          [1,2,0],
          [2,0,1]
        ]
      ],
      ["function", "f3", 3,
        [
          [
            [0,1,2],
            [0,1,2],
            [0,1,2]
          ],
          [
            [1,2,0],
            [1,2,0],
            [1,2,0]
          ],
          [
            [2,0,1],
            [2,0,1],
            [2,0,1]
          ]
        ]
      ],
      ["relation", "p0", 0,
        1
      ],
      ["relation", "p1", 1,
        [1,0,0]
      ],
      ["relation", "p2", 2,
        [
          [1,1,1],
          [0,1,1],
          [0,0,1]
        ]
      ],
      ["relation", "p3", 3,
        [
          [
            [1,0,0],
            [1,0,0],
            [1,0,0]
          ],
          [
            [0,0,0],
            [0,1,0],
            [0,1,0]
          ],
          [
            [0,0,0],
            [0,0,0],
            [0,0,1]
          ]
        ]
      ]
    ]
  ]
]
